[debug] [2022-01-24T07:12:24.180Z] ----------------------------------------------------------------------
[debug] [2022-01-24T07:12:24.182Z] Command:       C:\Program Files\nodejs\node.exe C:\Users\dwila\AppData\Roaming\npm\node_modules\firebase-tools\lib\bin\firebase.js emulators:start --only functions
[debug] [2022-01-24T07:12:24.183Z] CLI Version:   10.1.2
[debug] [2022-01-24T07:12:24.183Z] Platform:      win32
[debug] [2022-01-24T07:12:24.183Z] Node Version:  v16.13.2
[debug] [2022-01-24T07:12:24.184Z] Time:          Mon Jan 24 2022 14:12:24 GMT+0700 (Western Indonesia Time)
[debug] [2022-01-24T07:12:24.184Z] ----------------------------------------------------------------------
[debug] 
[debug] [2022-01-24T07:12:24.246Z] > command requires scopes: ["email","openid","https://www.googleapis.com/auth/cloudplatformprojects.readonly","https://www.googleapis.com/auth/firebase","https://www.googleapis.com/auth/cloud-platform"]
[debug] [2022-01-24T07:12:24.247Z] > authorizing via signed-in user (abrambagus@gmail.com)
[info] i  emulators: Starting emulators: functions {"metadata":{"emulator":{"name":"hub"},"message":"Starting emulators: functions"}}
[debug] [2022-01-24T07:12:24.266Z] [hub] writing locator at C:\Users\dwila\AppData\Local\Temp\hub-mealstogo-3db07.json
[warn] !  functions: The following emulators are not running, calls to these services from the Functions emulator will affect production: auth, firestore, database, hosting, pubsub, storage {"metadata":{"emulator":{"name":"functions"},"message":"The following emulators are not running, calls to these services from the Functions emulator will affect production: \u001b[1mauth, firestore, database, hosting, pubsub, storage\u001b[22m"}}
[info] +  functions: Using node@16 from host. {"metadata":{"emulator":{"name":"functions"},"message":"Using node@16 from host."}}
[warn] !  Your requested "node" version "16" doesn't match your global version "16" {"metadata":{"emulator":{"name":"functions"},"message":"Your requested \"node\" version \"16\" doesn't match your global version \"16\""}}
[debug] [2022-01-24T07:12:24.300Z] defaultcredentials: writing to file C:\Users\dwila\AppData\Roaming\firebase\abrambagus_gmail_com_application_default_credentials.json
[debug] [2022-01-24T07:12:24.301Z] Setting GAC to C:\Users\dwila\AppData\Roaming\firebase\abrambagus_gmail_com_application_default_credentials.json {"metadata":{"emulator":{"name":"functions"},"message":"Setting GAC to C:\\Users\\dwila\\AppData\\Roaming\\firebase\\abrambagus_gmail_com_application_default_credentials.json"}}
[debug] [2022-01-24T07:12:24.308Z] >>> [apiv2][query] GET https://firebase.googleapis.com/v1beta1/projects/mealstogo-3db07/adminSdkConfig [none]
[debug] [2022-01-24T07:12:24.717Z] <<< [apiv2][status] GET https://firebase.googleapis.com/v1beta1/projects/mealstogo-3db07/adminSdkConfig 200
[debug] [2022-01-24T07:12:24.717Z] <<< [apiv2][body] GET https://firebase.googleapis.com/v1beta1/projects/mealstogo-3db07/adminSdkConfig {"projectId":"mealstogo-3db07","storageBucket":"mealstogo-3db07.appspot.com"}
[debug] [2022-01-24T07:12:24.807Z] Ignoring unsupported arg: auto_download {"metadata":{"emulator":{"name":"ui"},"message":"Ignoring unsupported arg: auto_download"}}
[debug] [2022-01-24T07:12:24.808Z] Ignoring unsupported arg: port {"metadata":{"emulator":{"name":"ui"},"message":"Ignoring unsupported arg: port"}}
[debug] [2022-01-24T07:12:24.808Z] Starting Emulator UI with command {"binary":"node","args":["C:\\Users\\dwila\\.cache\\firebase\\emulators\\ui-v1.6.4\\server.bundle.js"],"optionalArgs":[],"joinArgs":false} {"metadata":{"emulator":{"name":"ui"},"message":"Starting Emulator UI with command {\"binary\":\"node\",\"args\":[\"C:\\\\Users\\\\dwila\\\\.cache\\\\firebase\\\\emulators\\\\ui-v1.6.4\\\\server.bundle.js\"],\"optionalArgs\":[],\"joinArgs\":false}"}}
[info] i  ui: Emulator UI logging to ui-debug.log {"metadata":{"emulator":{"name":"ui"},"message":"Emulator UI logging to \u001b[1mui-debug.log\u001b[22m"}}
[debug] [2022-01-24T07:12:24.963Z] Web / API server started at localhost:4000
 {"metadata":{"emulator":{"name":"ui"},"message":"Web / API server started at localhost:4000\n"}}
[info] i  functions: Watching "D:\Abram\Training yummy\ReactNative01\MealsToGo\functions" for Cloud Functions... {"metadata":{"emulator":{"name":"functions"},"message":"Watching \"D:\\Abram\\Training yummy\\ReactNative01\\MealsToGo\\functions\" for Cloud Functions..."}}
[debug] [2022-01-24T07:12:25.089Z] [worker-pool] addWorker(~diagnostic~) {"metadata":{"emulator":{"name":"functions"},"message":"[worker-pool] addWorker(~diagnostic~)"}}
[debug] [2022-01-24T07:12:25.089Z] [worker-pool] Adding worker with key ~diagnostic~, total=1 {"metadata":{"emulator":{"name":"functions"},"message":"[worker-pool] Adding worker with key ~diagnostic~, total=1"}}
[debug] [2022-01-24T07:12:25.089Z] [worker-pool] submitWork(triggerId=) {"metadata":{"emulator":{"name":"functions"},"message":"[worker-pool] submitWork(triggerId=)"}}
[debug] [2022-01-24T07:12:25.090Z] [worker-~diagnostic~-3fcc1e20-1758-4505-8e13-e72f31552c39]: Assigning socketPath: \\?\pipe\D:\Abram\Training yummy\ReactNative01\MealsToGo\functions\8420 {"metadata":{"emulator":{"name":"functions"},"message":"[worker-~diagnostic~-3fcc1e20-1758-4505-8e13-e72f31552c39]: Assigning socketPath: \\\\?\\pipe\\D:\\Abram\\Training yummy\\ReactNative01\\MealsToGo\\functions\\8420"}}
[debug] [2022-01-24T07:12:25.090Z] [worker-~diagnostic~-3fcc1e20-1758-4505-8e13-e72f31552c39]: BUSY {"metadata":{"emulator":{"name":"functions"},"message":"[worker-~diagnostic~-3fcc1e20-1758-4505-8e13-e72f31552c39]: BUSY"}}
